Added Component: Designator=1(TO252-123)
Added Component: Designator=ATMEGA1(DIP40/W0.6)
Added Component: Designator=C1(CAP_SMD_6_3MM)
Added Component: Designator=C2(CAP_SMD_6_3MM)
Added Component: Designator=C3(CAP_SMD_6_3MM)
Added Component: Designator=C_P1(C-NP-0805)
Added Component: Designator=C_X1(C-NP-0805)
Added Component: Designator=C_X2(C-NP-0805)
Added Component: Designator=ICSP1(JP3-D2T)
Added Component: Designator=LED_P1(LED-1206-Blue)
Added Component: Designator=LED_SCK1(LED-1206-Blue)
Added Component: Designator=PortA1(JP8-D1T)
Added Component: Designator=PortB1(JP8-D1T)
Added Component: Designator=PortC1(JP8-D1T)
Added Component: Designator=PortD1(JP8-D1T)
Added Component: Designator=R_P1(RES-SMD-1206)
Added Component: Designator=R_R1(RES-SMD-1206)
Added Component: Designator=R_SCK1(RES-SMD-1206)
Added Component: Designator=SW1(SW1-SMD)
Added Component: Designator=VIN1(JP2-C1T)
Added Component: Designator=XT1(XT2)
Added Pin To Net: NetName=VIN Pin=1-1
Added Pin To Net: NetName=GND Pin=1-2
Added Pin To Net: NetName=VCC Pin=1-3
Added Pin To Net: NetName=NetATMEGA32A_1 Pin=ATMEGA1-1
Added Pin To Net: NetName=NetATMEGA32A_2 Pin=ATMEGA1-2
Added Pin To Net: NetName=NetATMEGA32A_3 Pin=ATMEGA1-3
Added Pin To Net: NetName=NetATMEGA32A_4 Pin=ATMEGA1-4
Added Pin To Net: NetName=NetATMEGA32A_5 Pin=ATMEGA1-5
Added Pin To Net: NetName=NetATMEGA32A_40 Pin=ATMEGA1-6
Added Pin To Net: NetName=NetATMEGA32A_37 Pin=ATMEGA1-7
Added Pin To Net: NetName=NetATMEGA32A_38 Pin=ATMEGA1-8
Added Pin To Net: NetName=NetATMEGA32A_39 Pin=ATMEGA1-9
Added Pin To Net: NetName=NetATMEGA32A_6 Pin=ATMEGA1-10
Added Pin To Net: NetName=NetATMEGA32A_7 Pin=ATMEGA1-11
Added Pin To Net: NetName=NetATMEGA32A_8 Pin=ATMEGA1-12
Added Pin To Net: NetName=NetATMEGA32A_9 Pin=ATMEGA1-13
Added Pin To Net: NetName=NetATMEGA32A_10 Pin=ATMEGA1-14
Added Pin To Net: NetName=NetATMEGA32A_11 Pin=ATMEGA1-15
Added Pin To Net: NetName=NetATMEGA32A_12 Pin=ATMEGA1-16
Added Pin To Net: NetName=NetATMEGA32A_13 Pin=ATMEGA1-17
Added Pin To Net: NetName=NetATMEGA32A_14 Pin=ATMEGA1-18
Added Pin To Net: NetName=NetATMEGA32A_15 Pin=ATMEGA1-19
Added Pin To Net: NetName=NetATMEGA32A_16 Pin=ATMEGA1-20
Added Pin To Net: NetName=NetATMEGA32A_17 Pin=ATMEGA1-21
Added Pin To Net: NetName=NetATMEGA32A_18 Pin=ATMEGA1-22
Added Pin To Net: NetName=NetATMEGA32A_19 Pin=ATMEGA1-23
Added Pin To Net: NetName=NetATMEGA32A_20 Pin=ATMEGA1-24
Added Pin To Net: NetName=NetATMEGA32A_21 Pin=ATMEGA1-25
Added Pin To Net: NetName=NetATMEGA32A_22 Pin=ATMEGA1-26
Added Pin To Net: NetName=NetATMEGA32A_23 Pin=ATMEGA1-27
Added Pin To Net: NetName=NetATMEGA32A_24 Pin=ATMEGA1-28
Added Pin To Net: NetName=NetATMEGA32A_25 Pin=ATMEGA1-29
Added Pin To Net: NetName=VCC Pin=ATMEGA1-30
Added Pin To Net: NetName=NetATMEGA32A_26 Pin=ATMEGA1-31
Added Pin To Net: NetName=NetATMEGA32A_27 Pin=ATMEGA1-32
Added Pin To Net: NetName=NetATMEGA32A_28 Pin=ATMEGA1-33
Added Pin To Net: NetName=NetATMEGA32A_29 Pin=ATMEGA1-34
Added Pin To Net: NetName=NetATMEGA32A_31 Pin=ATMEGA1-35
Added Pin To Net: NetName=NetATMEGA32A_32 Pin=ATMEGA1-36
Added Pin To Net: NetName=NetATMEGA32A_33 Pin=ATMEGA1-37
Added Pin To Net: NetName=NetATMEGA32A_34 Pin=ATMEGA1-38
Added Pin To Net: NetName=NetATMEGA32A_35 Pin=ATMEGA1-39
Added Pin To Net: NetName=NetATMEGA32A_36 Pin=ATMEGA1-40
Added Pin To Net: NetName=VCC Pin=C1-1
Added Pin To Net: NetName=GND Pin=C1-2
Added Pin To Net: NetName=NetATMEGA32A_39 Pin=C2-1
Added Pin To Net: NetName=NetATMEGA32A_27 Pin=C3-1
Added Pin To Net: NetName=NetATMEGA32A_26 Pin=C3-2
Added Pin To Net: NetName=GND Pin=C_P1-1
Added Pin To Net: NetName=VCC Pin=C_P1-2
Added Pin To Net: NetName=GND Pin=C_X1-1
Added Pin To Net: NetName=NetATMEGA32A_9 Pin=C_X1-2
Added Pin To Net: NetName=GND Pin=C_X2-1
Added Pin To Net: NetName=NetATMEGA32A_8 Pin=C_X2-2
Added Pin To Net: NetName=NetATMEGA32A_37 Pin=ICSP1-1
Added Pin To Net: NetName=NetATMEGA32A_38 Pin=ICSP1-2
Added Pin To Net: NetName=NetATMEGA32A_39 Pin=ICSP1-3
Added Pin To Net: NetName=NetATMEGA32A_7 Pin=ICSP1-4
Added Pin To Net: NetName=NetATMEGA32A_40 Pin=ICSP1-5
Added Pin To Net: NetName=NetATMEGA32A_6 Pin=ICSP1-6
Added Pin To Net: NetName=NetLED_P_1 Pin=LED_P1-1
Added Pin To Net: NetName=GND Pin=LED_P1-2
Added Pin To Net: NetName=NetLED_SCK_1 Pin=LED_SCK1-1
Added Pin To Net: NetName=GND Pin=LED_SCK1-2
Added Pin To Net: NetName=NetATMEGA32A_28 Pin=PortA1-1
Added Pin To Net: NetName=NetATMEGA32A_29 Pin=PortA1-2
Added Pin To Net: NetName=NetATMEGA32A_31 Pin=PortA1-3
Added Pin To Net: NetName=NetATMEGA32A_32 Pin=PortA1-4
Added Pin To Net: NetName=NetATMEGA32A_33 Pin=PortA1-5
Added Pin To Net: NetName=NetATMEGA32A_34 Pin=PortA1-6
Added Pin To Net: NetName=NetATMEGA32A_35 Pin=PortA1-7
Added Pin To Net: NetName=NetATMEGA32A_36 Pin=PortA1-8
Added Pin To Net: NetName=NetATMEGA32A_38 Pin=PortB1-1
Added Pin To Net: NetName=NetATMEGA32A_37 Pin=PortB1-2
Added Pin To Net: NetName=NetATMEGA32A_40 Pin=PortB1-3
Added Pin To Net: NetName=NetATMEGA32A_5 Pin=PortB1-4
Added Pin To Net: NetName=NetATMEGA32A_4 Pin=PortB1-5
Added Pin To Net: NetName=NetATMEGA32A_3 Pin=PortB1-6
Added Pin To Net: NetName=NetATMEGA32A_2 Pin=PortB1-7
Added Pin To Net: NetName=NetATMEGA32A_1 Pin=PortB1-8
Added Pin To Net: NetName=NetATMEGA32A_18 Pin=PortC1-1
Added Pin To Net: NetName=NetATMEGA32A_19 Pin=PortC1-2
Added Pin To Net: NetName=NetATMEGA32A_20 Pin=PortC1-3
Added Pin To Net: NetName=NetATMEGA32A_21 Pin=PortC1-4
Added Pin To Net: NetName=NetATMEGA32A_22 Pin=PortC1-5
Added Pin To Net: NetName=NetATMEGA32A_23 Pin=PortC1-6
Added Pin To Net: NetName=NetATMEGA32A_24 Pin=PortC1-7
Added Pin To Net: NetName=NetATMEGA32A_25 Pin=PortC1-8
Added Pin To Net: NetName=NetATMEGA32A_10 Pin=PortD1-1
Added Pin To Net: NetName=NetATMEGA32A_11 Pin=PortD1-2
Added Pin To Net: NetName=NetATMEGA32A_12 Pin=PortD1-3
Added Pin To Net: NetName=NetATMEGA32A_13 Pin=PortD1-4
Added Pin To Net: NetName=NetATMEGA32A_14 Pin=PortD1-5
Added Pin To Net: NetName=NetATMEGA32A_15 Pin=PortD1-6
Added Pin To Net: NetName=NetATMEGA32A_16 Pin=PortD1-7
Added Pin To Net: NetName=NetATMEGA32A_17 Pin=PortD1-8
Added Pin To Net: NetName=VCC Pin=R_P1-1
Added Pin To Net: NetName=NetLED_P_1 Pin=R_P1-2
Added Pin To Net: NetName=VCC Pin=R_R1-1
Added Pin To Net: NetName=NetATMEGA32A_39 Pin=R_R1-2
Added Pin To Net: NetName=NetATMEGA32A_38 Pin=R_SCK1-1
Added Pin To Net: NetName=NetLED_SCK_1 Pin=R_SCK1-2
Added Pin To Net: NetName=GND Pin=SW1-1
Added Pin To Net: NetName=NetATMEGA32A_39 Pin=SW1-2
Added Pin To Net: NetName=GND Pin=VIN1-1
Added Pin To Net: NetName=VIN Pin=VIN1-2
Added Pin To Net: NetName=NetATMEGA32A_9 Pin=XT1-1
Added Pin To Net: NetName=NetATMEGA32A_8 Pin=XT1-2
Change Net Name : Old Net Name=NetATMEGA32A_1 New Net Name=NetATMEGA1_1
Change Net Name : Old Net Name=NetATMEGA32A_2 New Net Name=NetATMEGA1_2
Change Net Name : Old Net Name=NetATMEGA32A_3 New Net Name=NetATMEGA1_3
Change Net Name : Old Net Name=NetATMEGA32A_4 New Net Name=NetATMEGA1_4
Change Net Name : Old Net Name=NetATMEGA32A_5 New Net Name=NetATMEGA1_5
Change Net Name : Old Net Name=NetATMEGA32A_6 New Net Name=NetATMEGA1_10
Change Net Name : Old Net Name=NetATMEGA32A_7 New Net Name=NetATMEGA1_11
Change Net Name : Old Net Name=NetATMEGA32A_8 New Net Name=NetATMEGA1_12
Change Net Name : Old Net Name=NetATMEGA32A_9 New Net Name=NetATMEGA1_13
Change Net Name : Old Net Name=NetATMEGA32A_10 New Net Name=NetATMEGA1_14
Change Net Name : Old Net Name=NetATMEGA32A_11 New Net Name=NetATMEGA1_15
Change Net Name : Old Net Name=NetATMEGA32A_12 New Net Name=NetATMEGA1_16
Change Net Name : Old Net Name=NetATMEGA32A_13 New Net Name=NetATMEGA1_17
Change Net Name : Old Net Name=NetATMEGA32A_14 New Net Name=NetATMEGA1_18
Change Net Name : Old Net Name=NetATMEGA32A_15 New Net Name=NetATMEGA1_19
Change Net Name : Old Net Name=NetATMEGA32A_16 New Net Name=NetATMEGA1_20
Change Net Name : Old Net Name=NetATMEGA32A_17 New Net Name=NetATMEGA1_21
Change Net Name : Old Net Name=NetATMEGA32A_18 New Net Name=NetATMEGA1_22
Change Net Name : Old Net Name=NetATMEGA32A_19 New Net Name=NetATMEGA1_23
Change Net Name : Old Net Name=NetATMEGA32A_20 New Net Name=NetATMEGA1_24
Change Net Name : Old Net Name=NetATMEGA32A_21 New Net Name=NetATMEGA1_25
Change Net Name : Old Net Name=NetATMEGA32A_22 New Net Name=NetATMEGA1_26
Change Net Name : Old Net Name=NetATMEGA32A_23 New Net Name=NetATMEGA1_27
Change Net Name : Old Net Name=NetATMEGA32A_24 New Net Name=NetATMEGA1_28
Change Net Name : Old Net Name=NetATMEGA32A_25 New Net Name=NetATMEGA1_29
Change Net Name : Old Net Name=NetATMEGA32A_26 New Net Name=NetATMEGA1_31
Change Net Name : Old Net Name=NetATMEGA32A_27 New Net Name=NetATMEGA1_32
Change Net Name : Old Net Name=NetATMEGA32A_28 New Net Name=NetATMEGA1_33
Change Net Name : Old Net Name=NetATMEGA32A_29 New Net Name=NetATMEGA1_34
Change Net Name : Old Net Name=NetATMEGA32A_31 New Net Name=NetATMEGA1_35
Change Net Name : Old Net Name=NetATMEGA32A_32 New Net Name=NetATMEGA1_36
Change Net Name : Old Net Name=NetATMEGA32A_33 New Net Name=NetATMEGA1_37
Change Net Name : Old Net Name=NetATMEGA32A_34 New Net Name=NetATMEGA1_38
Change Net Name : Old Net Name=NetATMEGA32A_35 New Net Name=NetATMEGA1_39
Change Net Name : Old Net Name=NetATMEGA32A_36 New Net Name=NetATMEGA1_40
Change Net Name : Old Net Name=NetATMEGA32A_37 New Net Name=NetATMEGA1_7
Change Net Name : Old Net Name=NetATMEGA32A_38 New Net Name=NetATMEGA1_8
Change Net Name : Old Net Name=NetATMEGA32A_39 New Net Name=NetATMEGA1_9
Change Net Name : Old Net Name=NetATMEGA32A_40 New Net Name=NetATMEGA1_6
Change Net Name : Old Net Name=NetLED_P_1 New Net Name=NetLED_P1_1
Change Net Name : Old Net Name=NetLED_SCK_1 New Net Name=NetLED_SCK1_1
Added Member To Class: ClassName=Sheet1 Member=Component 1 LM78xx
Added Member To Class: ClassName=Sheet1 Member=Component ATMEGA1 ATmega32A-PU
Added Member To Class: ClassName=Sheet1 Member=Component C1 1uF
Added Member To Class: ClassName=Sheet1 Member=Component C2 1uF
Added Member To Class: ClassName=Sheet1 Member=Component C3 1uF
Added Member To Class: ClassName=Sheet1 Member=Component C_P1 Cap Non-pol
Added Member To Class: ClassName=Sheet1 Member=Component C_X1 Cap Non-pol
Added Member To Class: ClassName=Sheet1 Member=Component C_X2 Cap Non-pol
Added Member To Class: ClassName=Sheet1 Member=Component ICSP1 JP3x2
Added Member To Class: ClassName=Sheet1 Member=Component LED_P1 LED
Added Member To Class: ClassName=Sheet1 Member=Component LED_SCK1 LED
Added Member To Class: ClassName=Sheet1 Member=Component PortA1 JP8
Added Member To Class: ClassName=Sheet1 Member=Component PortB1 JP8
Added Member To Class: ClassName=Sheet1 Member=Component PortC1 JP8
Added Member To Class: ClassName=Sheet1 Member=Component PortD1 JP8
Added Member To Class: ClassName=Sheet1 Member=Component R_P1 330
Added Member To Class: ClassName=Sheet1 Member=Component R_R1 10K
Added Member To Class: ClassName=Sheet1 Member=Component R_SCK1 330
Added Member To Class: ClassName=Sheet1 Member=Component SW1 SW
Added Member To Class: ClassName=Sheet1 Member=Component VIN1 JP2
Added Member To Class: ClassName=Sheet1 Member=Component XT1 16Mhz
Added Room: Name=Sheet1
