Added Component: Designator=*1(Domino 3N)
Added Component: Designator=*2(Domino 3N)
Added Component: Designator=1(TO-220)
Added Component: Designator=2(TO-220)
Added Component: Designator=3(TO-220-3)
Added Component: Designator=4(TO-220-3)
Added Component: Designator=C1(Cap Non-Pol 3mm)
Added Component: Designator=C2(RADIAL C)
Added Component: Designator=C3(Cap Non-Pol 3mm)
Added Component: Designator=C4(RADIAL C)
Added Component: Designator=C5(RADIAL H(2200u_50V))
Added Component: Designator=C6(Cap Non-Pol 3mm)
Added Component: Designator=C7(RADIAL C)
Added Component: Designator=C8(RADIAL H(2200u_50V))
Added Component: Designator=C9(Cap Non-Pol 3mm)
Added Component: Designator=C10(RADIAL C)
Added Component: Designator=D1(LED-0 3mm GREEN)
Added Component: Designator=D2(DIODE BRIDGE (1A))
Added Component: Designator=D3(LED-0 3mm GREEN)
Added Component: Designator=J1(Domino 2M)
Added Component: Designator=R1(R1/4W)
Added Component: Designator=R2(R1/4W)
Added Pin To Net: NetName=GND Pin=*1-2
Added Pin To Net: NetName=GND Pin=*2-2
Added Pin To Net: NetName=GND Pin=1-2
Added Pin To Net: NetName=GND Pin=2-2
Added Pin To Net: NetName=GND Pin=3-1
Added Pin To Net: NetName=GND Pin=4-1
Added Pin To Net: NetName=GND Pin=C1-1
Added Pin To Net: NetName=GND Pin=C2-2
Added Pin To Net: NetName=GND Pin=C3-1
Added Pin To Net: NetName=GND Pin=C4-2
Added Pin To Net: NetName=GND Pin=C5-2
Added Pin To Net: NetName=GND Pin=C6-1
Added Pin To Net: NetName=GND Pin=C7-2
Added Pin To Net: NetName=GND Pin=C8-2
Added Pin To Net: NetName=GND Pin=C9-1
Added Pin To Net: NetName=GND Pin=C10-2
Added Pin To Net: NetName=GND Pin=D1-2
Added Pin To Net: NetName=GND Pin=D3-2
Added Net: Name=GND
Added Pin To Net: NetName=Net1_1 Pin=1-1
Added Pin To Net: NetName=Net1_1 Pin=2-1
Added Pin To Net: NetName=Net1_1 Pin=C1-2
Added Pin To Net: NetName=Net1_1 Pin=C3-2
Added Pin To Net: NetName=Net1_1 Pin=C5-1
Added Pin To Net: NetName=Net1_1 Pin=D2-1
Added Net: Name=Net1_1
Added Pin To Net: NetName=Net3_2 Pin=3-2
Added Pin To Net: NetName=Net3_2 Pin=4-2
Added Pin To Net: NetName=Net3_2 Pin=C6-2
Added Pin To Net: NetName=Net3_2 Pin=C8-1
Added Pin To Net: NetName=Net3_2 Pin=C9-2
Added Pin To Net: NetName=Net3_2 Pin=D2-4
Added Net: Name=Net3_2
Added Pin To Net: NetName=Net*1_1 Pin=*1-1
Added Pin To Net: NetName=Net*1_1 Pin=3-3
Added Pin To Net: NetName=Net*1_1 Pin=C7-1
Added Net: Name=Net*1_1
Added Pin To Net: NetName=Net*1_3 Pin=*1-3
Added Pin To Net: NetName=Net*1_3 Pin=1-3
Added Pin To Net: NetName=Net*1_3 Pin=C2-1
Added Pin To Net: NetName=Net*1_3 Pin=R1-1
Added Net: Name=Net*1_3
Added Pin To Net: NetName=Net*2_1 Pin=*2-1
Added Pin To Net: NetName=Net*2_1 Pin=4-3
Added Pin To Net: NetName=Net*2_1 Pin=C10-1
Added Net: Name=Net*2_1
Added Pin To Net: NetName=Net*2_3 Pin=*2-3
Added Pin To Net: NetName=Net*2_3 Pin=2-3
Added Pin To Net: NetName=Net*2_3 Pin=C4-1
Added Pin To Net: NetName=Net*2_3 Pin=R2-2
Added Net: Name=Net*2_3
Added Pin To Net: NetName=NetBT1_1 Pin=J1-1
Added Net: Name=NetBT1_1
Added Pin To Net: NetName=NetBT1_3 Pin=J1-2
Added Net: Name=NetBT1_3
Added Pin To Net: NetName=NetBT1_9 Pin=D2-3
Added Net: Name=NetBT1_9
Added Pin To Net: NetName=NetBT1_11 Pin=D2-2
Added Net: Name=NetBT1_11
Added Pin To Net: NetName=NetD1_1 Pin=D1-1
Added Pin To Net: NetName=NetD1_1 Pin=R1-2
Added Net: Name=NetD1_1
Added Pin To Net: NetName=NetD3_1 Pin=D3-1
Added Pin To Net: NetName=NetD3_1 Pin=R2-1
Added Net: Name=NetD3_1
Added Class: Name=Sheet1
Added Room: Name=Sheet1
