Added Component: Designator=C1(JP16-D1T)
Added Component: Designator=C2(JP4-D2T)
Added Component: Designator=J1(KF2-3.5)
Added Component: Designator=R1(RES-1/4W)
Added Component: Designator=VR1(VR-S2)
Added Pin To Net: NetName=GND Pin=C1-1
Added Pin To Net: NetName=GND Pin=C1-16
Added Pin To Net: NetName=GND Pin=J1-2
Added Pin To Net: NetName=GND Pin=VR1-3
Added Net: Name=GND
Added Pin To Net: NetName=NetC1_2 Pin=C1-2
Added Pin To Net: NetName=NetC1_2 Pin=R1-2
Added Net: Name=NetC1_2
Added Pin To Net: NetName=NetC1_3 Pin=C1-3
Added Pin To Net: NetName=NetC1_3 Pin=C2-5
Added Net: Name=NetC1_3
Added Pin To Net: NetName=NetC1_4 Pin=C1-4
Added Pin To Net: NetName=NetC1_4 Pin=C2-4
Added Net: Name=NetC1_4
Added Pin To Net: NetName=NetC1_5 Pin=C1-5
Added Pin To Net: NetName=NetC1_5 Pin=C2-6
Added Net: Name=NetC1_5
Added Pin To Net: NetName=NetC1_6 Pin=C1-6
Added Pin To Net: NetName=NetC1_6 Pin=C2-3
Added Net: Name=NetC1_6
Added Pin To Net: NetName=NetC1_7 Pin=C1-7
Added Net: Name=NetC1_7
Added Pin To Net: NetName=NetC1_8 Pin=C1-8
Added Net: Name=NetC1_8
Added Pin To Net: NetName=NetC1_9 Pin=C1-9
Added Net: Name=NetC1_9
Added Pin To Net: NetName=NetC1_10 Pin=C1-10
Added Net: Name=NetC1_10
Added Pin To Net: NetName=NetC1_11 Pin=C1-11
Added Pin To Net: NetName=NetC1_11 Pin=C2-2
Added Net: Name=NetC1_11
Added Pin To Net: NetName=NetC1_12 Pin=C1-12
Added Pin To Net: NetName=NetC1_12 Pin=C2-8
Added Net: Name=NetC1_12
Added Pin To Net: NetName=NetC1_13 Pin=C1-13
Added Pin To Net: NetName=NetC1_13 Pin=C2-1
Added Net: Name=NetC1_13
Added Pin To Net: NetName=NetC1_14 Pin=C1-14
Added Pin To Net: NetName=NetC1_14 Pin=VR1-2
Added Net: Name=NetC1_14
Added Pin To Net: NetName=VCC Pin=C1-15
Added Pin To Net: NetName=VCC Pin=J1-1
Added Pin To Net: NetName=VCC Pin=R1-1
Added Pin To Net: NetName=VCC Pin=VR1-1
Added Net: Name=VCC
Added Class: Name=Sheet1
Added Room: Name=Sheet1
